Determining if files io.h exist failed with the following output:
Change Dir: /home/alexandre/Descargas/gromacs-osc/build/CMakeFiles/CMakeTmp

Run Build Command(s):/usr/bin/make cmTC_b8085/fast && /usr/bin/make -f CMakeFiles/cmTC_b8085.dir/build.make CMakeFiles/cmTC_b8085.dir/build
make[1]: Entering directory '/home/alexandre/Descargas/gromacs-osc/build/CMakeFiles/CMakeTmp'
Building C object CMakeFiles/cmTC_b8085.dir/HAVE_IO_H.c.o
/usr/bin/gcc-7    -o CMakeFiles/cmTC_b8085.dir/HAVE_IO_H.c.o   -c /home/alexandre/Descargas/gromacs-osc/build/CMakeFiles/CheckIncludeFiles/HAVE_IO_H.c
/home/alexandre/Descargas/gromacs-osc/build/CMakeFiles/CheckIncludeFiles/HAVE_IO_H.c:2:10: fatal error: io.h: Non hai tal ficheiro ou directorio
 #include <io.h>
          ^~~~~~
compilation terminated.
make[1]: *** [CMakeFiles/cmTC_b8085.dir/build.make:66: CMakeFiles/cmTC_b8085.dir/HAVE_IO_H.c.o] Error 1
make[1]: Leaving directory '/home/alexandre/Descargas/gromacs-osc/build/CMakeFiles/CMakeTmp'
make: *** [Makefile:121: cmTC_b8085/fast] Error 2


Source:
/* */
#include <io.h>


int main(void){return 0;}

Determining if the _fileno exist failed with the following output:
Change Dir: /home/alexandre/Descargas/gromacs-osc/build/CMakeFiles/CMakeTmp

Run Build Command(s):/usr/bin/make cmTC_97d1c/fast && /usr/bin/make -f CMakeFiles/cmTC_97d1c.dir/build.make CMakeFiles/cmTC_97d1c.dir/build
make[1]: Entering directory '/home/alexandre/Descargas/gromacs-osc/build/CMakeFiles/CMakeTmp'
Building CXX object CMakeFiles/cmTC_97d1c.dir/CheckSymbolExists.cxx.o
/usr/bin/g++-7    -std=c++1z -o CMakeFiles/cmTC_97d1c.dir/CheckSymbolExists.cxx.o -c /home/alexandre/Descargas/gromacs-osc/build/CMakeFiles/CMakeTmp/CheckSymbolExists.cxx
/home/alexandre/Descargas/gromacs-osc/build/CMakeFiles/CMakeTmp/CheckSymbolExists.cxx: In function ‘int main(int, char**)’:
/home/alexandre/Descargas/gromacs-osc/build/CMakeFiles/CMakeTmp/CheckSymbolExists.cxx:8:19: error: ‘_fileno’ was not declared in this scope
   return ((int*)(&_fileno))[argc];
                   ^~~~~~~
/home/alexandre/Descargas/gromacs-osc/build/CMakeFiles/CMakeTmp/CheckSymbolExists.cxx:8:19: note: suggested alternative: ‘fileno’
   return ((int*)(&_fileno))[argc];
                   ^~~~~~~
                   fileno
make[1]: *** [CMakeFiles/cmTC_97d1c.dir/build.make:66: CMakeFiles/cmTC_97d1c.dir/CheckSymbolExists.cxx.o] Error 1
make[1]: Leaving directory '/home/alexandre/Descargas/gromacs-osc/build/CMakeFiles/CMakeTmp'
make: *** [Makefile:121: cmTC_97d1c/fast] Error 2


File /home/alexandre/Descargas/gromacs-osc/build/CMakeFiles/CMakeTmp/CheckSymbolExists.cxx:
/* */
#include <stdio.h>

int main(int argc, char** argv)
{
  (void)argv;
#ifndef _fileno
  return ((int*)(&_fileno))[argc];
#else
  (void)argc;
  return 0;
#endif
}
Determining if the _commit exist failed with the following output:
Change Dir: /home/alexandre/Descargas/gromacs-osc/build/CMakeFiles/CMakeTmp

Run Build Command(s):/usr/bin/make cmTC_f1d5d/fast && /usr/bin/make -f CMakeFiles/cmTC_f1d5d.dir/build.make CMakeFiles/cmTC_f1d5d.dir/build
make[1]: Entering directory '/home/alexandre/Descargas/gromacs-osc/build/CMakeFiles/CMakeTmp'
Building CXX object CMakeFiles/cmTC_f1d5d.dir/CheckSymbolExists.cxx.o
/usr/bin/g++-7    -std=c++1z -o CMakeFiles/cmTC_f1d5d.dir/CheckSymbolExists.cxx.o -c /home/alexandre/Descargas/gromacs-osc/build/CMakeFiles/CMakeTmp/CheckSymbolExists.cxx
/home/alexandre/Descargas/gromacs-osc/build/CMakeFiles/CMakeTmp/CheckSymbolExists.cxx:2:10: fatal error: io.h: Non hai tal ficheiro ou directorio
 #include <io.h>
          ^~~~~~
compilation terminated.
make[1]: *** [CMakeFiles/cmTC_f1d5d.dir/build.make:66: CMakeFiles/cmTC_f1d5d.dir/CheckSymbolExists.cxx.o] Error 1
make[1]: Leaving directory '/home/alexandre/Descargas/gromacs-osc/build/CMakeFiles/CMakeTmp'
make: *** [Makefile:121: cmTC_f1d5d/fast] Error 2


File /home/alexandre/Descargas/gromacs-osc/build/CMakeFiles/CMakeTmp/CheckSymbolExists.cxx:
/* */
#include <io.h>

int main(int argc, char** argv)
{
  (void)argv;
#ifndef _commit
  return ((int*)(&_commit))[argc];
#else
  (void)argc;
  return 0;
#endif
}
Determining if the memalign exist failed with the following output:
Change Dir: /home/alexandre/Descargas/gromacs-osc/build/CMakeFiles/CMakeTmp

Run Build Command(s):/usr/bin/make cmTC_475bb/fast && /usr/bin/make -f CMakeFiles/cmTC_475bb.dir/build.make CMakeFiles/cmTC_475bb.dir/build
make[1]: Entering directory '/home/alexandre/Descargas/gromacs-osc/build/CMakeFiles/CMakeTmp'
Building CXX object CMakeFiles/cmTC_475bb.dir/CheckSymbolExists.cxx.o
/usr/bin/g++-7    -std=c++1z -o CMakeFiles/cmTC_475bb.dir/CheckSymbolExists.cxx.o -c /home/alexandre/Descargas/gromacs-osc/build/CMakeFiles/CMakeTmp/CheckSymbolExists.cxx
/home/alexandre/Descargas/gromacs-osc/build/CMakeFiles/CMakeTmp/CheckSymbolExists.cxx: In function ‘int main(int, char**)’:
/home/alexandre/Descargas/gromacs-osc/build/CMakeFiles/CMakeTmp/CheckSymbolExists.cxx:8:19: error: ‘memalign’ was not declared in this scope
   return ((int*)(&memalign))[argc];
                   ^~~~~~~~
/home/alexandre/Descargas/gromacs-osc/build/CMakeFiles/CMakeTmp/CheckSymbolExists.cxx:8:19: note: suggested alternative: ‘main’
   return ((int*)(&memalign))[argc];
                   ^~~~~~~~
                   main
make[1]: *** [CMakeFiles/cmTC_475bb.dir/build.make:66: CMakeFiles/cmTC_475bb.dir/CheckSymbolExists.cxx.o] Error 1
make[1]: Leaving directory '/home/alexandre/Descargas/gromacs-osc/build/CMakeFiles/CMakeTmp'
make: *** [Makefile:121: cmTC_475bb/fast] Error 2


File /home/alexandre/Descargas/gromacs-osc/build/CMakeFiles/CMakeTmp/CheckSymbolExists.cxx:
/* */
#include <stdlib.h>

int main(int argc, char** argv)
{
  (void)argv;
#ifndef memalign
  return ((int*)(&memalign))[argc];
#else
  (void)argc;
  return 0;
#endif
}
Performing C SOURCE FILE Test CMAKE_HAVE_LIBC_PTHREAD failed with the following output:
Change Dir: /home/alexandre/Descargas/gromacs-osc/build/CMakeFiles/CMakeTmp

Run Build Command(s):/usr/bin/make cmTC_53efa/fast && /usr/bin/make -f CMakeFiles/cmTC_53efa.dir/build.make CMakeFiles/cmTC_53efa.dir/build
make[1]: Entering directory '/home/alexandre/Descargas/gromacs-osc/build/CMakeFiles/CMakeTmp'
Building C object CMakeFiles/cmTC_53efa.dir/src.c.o
/usr/bin/gcc-7   -DCMAKE_HAVE_LIBC_PTHREAD   -o CMakeFiles/cmTC_53efa.dir/src.c.o   -c /home/alexandre/Descargas/gromacs-osc/build/CMakeFiles/CMakeTmp/src.c
Linking C executable cmTC_53efa
/usr/bin/cmake -E cmake_link_script CMakeFiles/cmTC_53efa.dir/link.txt --verbose=1
/usr/bin/gcc-7  -DCMAKE_HAVE_LIBC_PTHREAD    CMakeFiles/cmTC_53efa.dir/src.c.o  -o cmTC_53efa 
/usr/bin/ld: CMakeFiles/cmTC_53efa.dir/src.c.o: in function `main':
src.c:(.text+0x3e): undefined reference to `pthread_create'
/usr/bin/ld: src.c:(.text+0x4a): undefined reference to `pthread_detach'
/usr/bin/ld: src.c:(.text+0x5b): undefined reference to `pthread_join'
collect2: error: ld returned 1 exit status
make[1]: *** [CMakeFiles/cmTC_53efa.dir/build.make:87: cmTC_53efa] Error 1
make[1]: Leaving directory '/home/alexandre/Descargas/gromacs-osc/build/CMakeFiles/CMakeTmp'
make: *** [Makefile:121: cmTC_53efa/fast] Error 2


Source file was:
#include <pthread.h>

void* test_func(void* data)
{
  return data;
}

int main(void)
{
  pthread_t thread;
  pthread_create(&thread, NULL, test_func, NULL);
  pthread_detach(thread);
  pthread_join(thread, NULL);
  pthread_atfork(NULL, NULL, NULL);
  pthread_exit(NULL);

  return 0;
}

Determining if the function pthread_create exists in the pthreads failed with the following output:
Change Dir: /home/alexandre/Descargas/gromacs-osc/build/CMakeFiles/CMakeTmp

Run Build Command(s):/usr/bin/make cmTC_281fa/fast && /usr/bin/make -f CMakeFiles/cmTC_281fa.dir/build.make CMakeFiles/cmTC_281fa.dir/build
make[1]: Entering directory '/home/alexandre/Descargas/gromacs-osc/build/CMakeFiles/CMakeTmp'
Building C object CMakeFiles/cmTC_281fa.dir/CheckFunctionExists.c.o
/usr/bin/gcc-7   -DCHECK_FUNCTION_EXISTS=pthread_create   -o CMakeFiles/cmTC_281fa.dir/CheckFunctionExists.c.o   -c /usr/share/cmake-3.16/Modules/CheckFunctionExists.c
Linking C executable cmTC_281fa
/usr/bin/cmake -E cmake_link_script CMakeFiles/cmTC_281fa.dir/link.txt --verbose=1
/usr/bin/gcc-7  -DCHECK_FUNCTION_EXISTS=pthread_create    CMakeFiles/cmTC_281fa.dir/CheckFunctionExists.c.o  -o cmTC_281fa  -lpthreads 
/usr/bin/ld: cannot find -lpthreads
collect2: error: ld returned 1 exit status
make[1]: *** [CMakeFiles/cmTC_281fa.dir/build.make:87: cmTC_281fa] Error 1
make[1]: Leaving directory '/home/alexandre/Descargas/gromacs-osc/build/CMakeFiles/CMakeTmp'
make: *** [Makefile:121: cmTC_281fa/fast] Error 2



Performing C SOURCE FILE Test C_xCORE_AVX512_qopt_zmm_usage_high_FLAG_ACCEPTED failed with the following output:
Change Dir: /home/alexandre/Descargas/gromacs-osc/build/CMakeFiles/CMakeTmp

Run Build Command(s):/usr/bin/make cmTC_760bd/fast && /usr/bin/make -f CMakeFiles/cmTC_760bd.dir/build.make CMakeFiles/cmTC_760bd.dir/build
make[1]: Entering directory '/home/alexandre/Descargas/gromacs-osc/build/CMakeFiles/CMakeTmp'
Building C object CMakeFiles/cmTC_760bd.dir/src.c.o
/usr/bin/gcc-7   -DC_xCORE_AVX512_qopt_zmm_usage_high_FLAG_ACCEPTED    -xCORE-AVX512 -qopt-zmm-usage=high -o CMakeFiles/cmTC_760bd.dir/src.c.o   -c /home/alexandre/Descargas/gromacs-osc/build/CMakeFiles/CMakeTmp/src.c
gcc-7: error: unrecognized command line option '-qopt-zmm-usage=high'
make[1]: *** [CMakeFiles/cmTC_760bd.dir/build.make:66: CMakeFiles/cmTC_760bd.dir/src.c.o] Error 1
make[1]: Leaving directory '/home/alexandre/Descargas/gromacs-osc/build/CMakeFiles/CMakeTmp'
make: *** [Makefile:121: cmTC_760bd/fast] Error 2


Source file was:
int main(void) { return 0; }
Performing C SOURCE FILE Test C_xCORE_AVX512_FLAG_ACCEPTED failed with the following output:
Change Dir: /home/alexandre/Descargas/gromacs-osc/build/CMakeFiles/CMakeTmp

Run Build Command(s):/usr/bin/make cmTC_362fb/fast && /usr/bin/make -f CMakeFiles/cmTC_362fb.dir/build.make CMakeFiles/cmTC_362fb.dir/build
make[1]: Entering directory '/home/alexandre/Descargas/gromacs-osc/build/CMakeFiles/CMakeTmp'
Building C object CMakeFiles/cmTC_362fb.dir/src.c.o
/usr/bin/gcc-7   -DC_xCORE_AVX512_FLAG_ACCEPTED    -xCORE-AVX512 -o CMakeFiles/cmTC_362fb.dir/src.c.o   -c /home/alexandre/Descargas/gromacs-osc/build/CMakeFiles/CMakeTmp/src.c
gcc-7: error: language CORE-AVX512 not recognized
gcc-7: error: language CORE-AVX512 not recognized
make[1]: *** [CMakeFiles/cmTC_362fb.dir/build.make:66: CMakeFiles/cmTC_362fb.dir/src.c.o] Error 1
make[1]: Leaving directory '/home/alexandre/Descargas/gromacs-osc/build/CMakeFiles/CMakeTmp'
make: *** [Makefile:121: cmTC_362fb/fast] Error 2


Source file was:
int main(void) { return 0; }
Performing C++ SOURCE FILE Test CXX_xCORE_AVX512_qopt_zmm_usage_high_FLAG_ACCEPTED failed with the following output:
Change Dir: /home/alexandre/Descargas/gromacs-osc/build/CMakeFiles/CMakeTmp

Run Build Command(s):/usr/bin/make cmTC_8b15b/fast && /usr/bin/make -f CMakeFiles/cmTC_8b15b.dir/build.make CMakeFiles/cmTC_8b15b.dir/build
make[1]: Entering directory '/home/alexandre/Descargas/gromacs-osc/build/CMakeFiles/CMakeTmp'
Building CXX object CMakeFiles/cmTC_8b15b.dir/src.cxx.o
/usr/bin/g++-7    -DCXX_xCORE_AVX512_qopt_zmm_usage_high_FLAG_ACCEPTED    -xCORE-AVX512 -qopt-zmm-usage=high -std=c++1z -o CMakeFiles/cmTC_8b15b.dir/src.cxx.o -c /home/alexandre/Descargas/gromacs-osc/build/CMakeFiles/CMakeTmp/src.cxx
g++-7: error: unrecognized command line option '-qopt-zmm-usage=high'
make[1]: *** [CMakeFiles/cmTC_8b15b.dir/build.make:66: CMakeFiles/cmTC_8b15b.dir/src.cxx.o] Error 1
make[1]: Leaving directory '/home/alexandre/Descargas/gromacs-osc/build/CMakeFiles/CMakeTmp'
make: *** [Makefile:121: cmTC_8b15b/fast] Error 2


Source file was:
int main() { return 0; }
Performing C++ SOURCE FILE Test CXX_xCORE_AVX512_FLAG_ACCEPTED failed with the following output:
Change Dir: /home/alexandre/Descargas/gromacs-osc/build/CMakeFiles/CMakeTmp

Run Build Command(s):/usr/bin/make cmTC_fce2e/fast && /usr/bin/make -f CMakeFiles/cmTC_fce2e.dir/build.make CMakeFiles/cmTC_fce2e.dir/build
make[1]: Entering directory '/home/alexandre/Descargas/gromacs-osc/build/CMakeFiles/CMakeTmp'
Building CXX object CMakeFiles/cmTC_fce2e.dir/src.cxx.o
/usr/bin/g++-7    -DCXX_xCORE_AVX512_FLAG_ACCEPTED    -xCORE-AVX512 -std=c++1z -o CMakeFiles/cmTC_fce2e.dir/src.cxx.o -c /home/alexandre/Descargas/gromacs-osc/build/CMakeFiles/CMakeTmp/src.cxx
g++-7: error: language CORE-AVX512 not recognized
g++-7: error: language CORE-AVX512 not recognized
make[1]: *** [CMakeFiles/cmTC_fce2e.dir/build.make:66: CMakeFiles/cmTC_fce2e.dir/src.cxx.o] Error 1
make[1]: Leaving directory '/home/alexandre/Descargas/gromacs-osc/build/CMakeFiles/CMakeTmp'
make: *** [Makefile:121: cmTC_fce2e/fast] Error 2


Source file was:
int main() { return 0; }
Performing C++ SOURCE FILE Test _callconv___vectorcall failed with the following output:
Change Dir: /home/alexandre/Descargas/gromacs-osc/build/CMakeFiles/CMakeTmp

Run Build Command(s):/usr/bin/make cmTC_c054e/fast && /usr/bin/make -f CMakeFiles/cmTC_c054e.dir/build.make CMakeFiles/cmTC_c054e.dir/build
make[1]: Entering directory '/home/alexandre/Descargas/gromacs-osc/build/CMakeFiles/CMakeTmp'
Building CXX object CMakeFiles/cmTC_c054e.dir/src.cxx.o
/usr/bin/g++-7    -D_callconv___vectorcall   -std=c++1z -o CMakeFiles/cmTC_c054e.dir/src.cxx.o -c /home/alexandre/Descargas/gromacs-osc/build/CMakeFiles/CMakeTmp/src.cxx
/home/alexandre/Descargas/gromacs-osc/build/CMakeFiles/CMakeTmp/src.cxx:3:18: error: expected initializer before ‘f’
 int __vectorcall f(int i) {return i;} int main(void) {return f(0);}
                  ^
/home/alexandre/Descargas/gromacs-osc/build/CMakeFiles/CMakeTmp/src.cxx: In function ‘int main()’:
/home/alexandre/Descargas/gromacs-osc/build/CMakeFiles/CMakeTmp/src.cxx:3:62: error: ‘f’ was not declared in this scope
 int __vectorcall f(int i) {return i;} int main(void) {return f(0);}
                                                              ^
make[1]: *** [CMakeFiles/cmTC_c054e.dir/build.make:66: CMakeFiles/cmTC_c054e.dir/src.cxx.o] Error 1
make[1]: Leaving directory '/home/alexandre/Descargas/gromacs-osc/build/CMakeFiles/CMakeTmp'
make: *** [Makefile:121: cmTC_c054e/fast] Error 2


Source file was:

#pragma GCC diagnostic error "-Wignored-attributes"
int __vectorcall f(int i) {return i;} int main(void) {return f(0);}

Performing C++ SOURCE FILE Test _callconv___regcall failed with the following output:
Change Dir: /home/alexandre/Descargas/gromacs-osc/build/CMakeFiles/CMakeTmp

Run Build Command(s):/usr/bin/make cmTC_0c7aa/fast && /usr/bin/make -f CMakeFiles/cmTC_0c7aa.dir/build.make CMakeFiles/cmTC_0c7aa.dir/build
make[1]: Entering directory '/home/alexandre/Descargas/gromacs-osc/build/CMakeFiles/CMakeTmp'
Building CXX object CMakeFiles/cmTC_0c7aa.dir/src.cxx.o
/usr/bin/g++-7    -D_callconv___regcall   -std=c++1z -o CMakeFiles/cmTC_0c7aa.dir/src.cxx.o -c /home/alexandre/Descargas/gromacs-osc/build/CMakeFiles/CMakeTmp/src.cxx
/home/alexandre/Descargas/gromacs-osc/build/CMakeFiles/CMakeTmp/src.cxx:3:15: error: expected initializer before ‘f’
 int __regcall f(int i) {return i;} int main(void) {return f(0);}
               ^
/home/alexandre/Descargas/gromacs-osc/build/CMakeFiles/CMakeTmp/src.cxx: In function ‘int main()’:
/home/alexandre/Descargas/gromacs-osc/build/CMakeFiles/CMakeTmp/src.cxx:3:59: error: ‘f’ was not declared in this scope
 int __regcall f(int i) {return i;} int main(void) {return f(0);}
                                                           ^
make[1]: *** [CMakeFiles/cmTC_0c7aa.dir/build.make:66: CMakeFiles/cmTC_0c7aa.dir/src.cxx.o] Error 1
make[1]: Leaving directory '/home/alexandre/Descargas/gromacs-osc/build/CMakeFiles/CMakeTmp'
make: *** [Makefile:121: cmTC_0c7aa/fast] Error 2


Source file was:

#pragma GCC diagnostic error "-Wignored-attributes"
int __regcall f(int i) {return i;} int main(void) {return f(0);}

Determining if the function fftwf_have_simd_sse exists in the /usr/lib/x86_64-linux-gnu/libfftw3f.so failed with the following output:
Change Dir: /home/alexandre/Descargas/gromacs-osc/build/CMakeFiles/CMakeTmp

Run Build Command(s):/usr/bin/make cmTC_0c38d/fast && /usr/bin/make -f CMakeFiles/cmTC_0c38d.dir/build.make CMakeFiles/cmTC_0c38d.dir/build
make[1]: Entering directory '/home/alexandre/Descargas/gromacs-osc/build/CMakeFiles/CMakeTmp'
Building C object CMakeFiles/cmTC_0c38d.dir/CheckFunctionExists.c.o
/usr/bin/gcc-7   -DCHECK_FUNCTION_EXISTS=fftwf_have_simd_sse   -o CMakeFiles/cmTC_0c38d.dir/CheckFunctionExists.c.o   -c /usr/share/cmake-3.16/Modules/CheckFunctionExists.c
Linking C executable cmTC_0c38d
/usr/bin/cmake -E cmake_link_script CMakeFiles/cmTC_0c38d.dir/link.txt --verbose=1
/usr/bin/gcc-7  -DCHECK_FUNCTION_EXISTS=fftwf_have_simd_sse    CMakeFiles/cmTC_0c38d.dir/CheckFunctionExists.c.o  -o cmTC_0c38d  /usr/lib/x86_64-linux-gnu/libfftw3f.so -lm 
/usr/bin/ld: CMakeFiles/cmTC_0c38d.dir/CheckFunctionExists.c.o: in function `main':
CheckFunctionExists.c:(.text+0x10): undefined reference to `fftwf_have_simd_sse'
collect2: error: ld returned 1 exit status
make[1]: *** [CMakeFiles/cmTC_0c38d.dir/build.make:88: cmTC_0c38d] Error 1
make[1]: Leaving directory '/home/alexandre/Descargas/gromacs-osc/build/CMakeFiles/CMakeTmp'
make: *** [Makefile:121: cmTC_0c38d/fast] Error 2



Determining if the function fftwf_have_sse exists in the /usr/lib/x86_64-linux-gnu/libfftw3f.so failed with the following output:
Change Dir: /home/alexandre/Descargas/gromacs-osc/build/CMakeFiles/CMakeTmp

Run Build Command(s):/usr/bin/make cmTC_25444/fast && /usr/bin/make -f CMakeFiles/cmTC_25444.dir/build.make CMakeFiles/cmTC_25444.dir/build
make[1]: Entering directory '/home/alexandre/Descargas/gromacs-osc/build/CMakeFiles/CMakeTmp'
Building C object CMakeFiles/cmTC_25444.dir/CheckFunctionExists.c.o
/usr/bin/gcc-7   -DCHECK_FUNCTION_EXISTS=fftwf_have_sse   -o CMakeFiles/cmTC_25444.dir/CheckFunctionExists.c.o   -c /usr/share/cmake-3.16/Modules/CheckFunctionExists.c
Linking C executable cmTC_25444
/usr/bin/cmake -E cmake_link_script CMakeFiles/cmTC_25444.dir/link.txt --verbose=1
/usr/bin/gcc-7  -DCHECK_FUNCTION_EXISTS=fftwf_have_sse    CMakeFiles/cmTC_25444.dir/CheckFunctionExists.c.o  -o cmTC_25444  /usr/lib/x86_64-linux-gnu/libfftw3f.so -lm 
/usr/bin/ld: CMakeFiles/cmTC_25444.dir/CheckFunctionExists.c.o: in function `main':
CheckFunctionExists.c:(.text+0x10): undefined reference to `fftwf_have_sse'
collect2: error: ld returned 1 exit status
make[1]: *** [CMakeFiles/cmTC_25444.dir/build.make:88: cmTC_25444] Error 1
make[1]: Leaving directory '/home/alexandre/Descargas/gromacs-osc/build/CMakeFiles/CMakeTmp'
make: *** [Makefile:121: cmTC_25444/fast] Error 2



Determining if the function sgemm_ exists failed with the following output:
Change Dir: /home/alexandre/Descargas/gromacs-osc/build/CMakeFiles/CMakeTmp

Run Build Command(s):/usr/bin/make cmTC_76d81/fast && /usr/bin/make -f CMakeFiles/cmTC_76d81.dir/build.make CMakeFiles/cmTC_76d81.dir/build
make[1]: Entering directory '/home/alexandre/Descargas/gromacs-osc/build/CMakeFiles/CMakeTmp'
Building C object CMakeFiles/cmTC_76d81.dir/CheckFunctionExists.c.o
/usr/bin/gcc-7   -DCHECK_FUNCTION_EXISTS=sgemm_   -o CMakeFiles/cmTC_76d81.dir/CheckFunctionExists.c.o   -c /usr/share/cmake-3.16/Modules/CheckFunctionExists.c
Linking C executable cmTC_76d81
/usr/bin/cmake -E cmake_link_script CMakeFiles/cmTC_76d81.dir/link.txt --verbose=1
/usr/bin/gcc-7  -DCHECK_FUNCTION_EXISTS=sgemm_    CMakeFiles/cmTC_76d81.dir/CheckFunctionExists.c.o  -o cmTC_76d81 
/usr/bin/ld: CMakeFiles/cmTC_76d81.dir/CheckFunctionExists.c.o: in function `main':
CheckFunctionExists.c:(.text+0x10): undefined reference to `sgemm_'
collect2: error: ld returned 1 exit status
make[1]: *** [CMakeFiles/cmTC_76d81.dir/build.make:87: cmTC_76d81] Error 1
make[1]: Leaving directory '/home/alexandre/Descargas/gromacs-osc/build/CMakeFiles/CMakeTmp'
make: *** [Makefile:121: cmTC_76d81/fast] Error 2



Determining if the function cheev_ exists failed with the following output:
Change Dir: /home/alexandre/Descargas/gromacs-osc/build/CMakeFiles/CMakeTmp

Run Build Command(s):/usr/bin/make cmTC_86791/fast && /usr/bin/make -f CMakeFiles/cmTC_86791.dir/build.make CMakeFiles/cmTC_86791.dir/build
make[1]: Entering directory '/home/alexandre/Descargas/gromacs-osc/build/CMakeFiles/CMakeTmp'
Building C object CMakeFiles/cmTC_86791.dir/CheckFunctionExists.c.o
/usr/bin/gcc-7   -DCHECK_FUNCTION_EXISTS=cheev_   -o CMakeFiles/cmTC_86791.dir/CheckFunctionExists.c.o   -c /usr/share/cmake-3.16/Modules/CheckFunctionExists.c
Linking C executable cmTC_86791
/usr/bin/cmake -E cmake_link_script CMakeFiles/cmTC_86791.dir/link.txt --verbose=1
/usr/bin/gcc-7  -DCHECK_FUNCTION_EXISTS=cheev_    CMakeFiles/cmTC_86791.dir/CheckFunctionExists.c.o  -o cmTC_86791  -Wl,-rpath,/usr/local/lib /usr/local/lib/libblas.so 
/usr/bin/ld: CMakeFiles/cmTC_86791.dir/CheckFunctionExists.c.o: in function `main':
CheckFunctionExists.c:(.text+0x10): undefined reference to `cheev_'
collect2: error: ld returned 1 exit status
make[1]: *** [CMakeFiles/cmTC_86791.dir/build.make:88: cmTC_86791] Error 1
make[1]: Leaving directory '/home/alexandre/Descargas/gromacs-osc/build/CMakeFiles/CMakeTmp'
make: *** [Makefile:121: cmTC_86791/fast] Error 2



